<?xml version="1.0" encoding="UTF-8"?>
<testng-results skipped="0" failed="0" ignored="4" total="5" passed="1">
  <reporter-output>
  </reporter-output>
  <suite name="Default suite" duration-ms="3185" started-at="2018-03-14T01:16:03Z" finished-at="2018-03-14T01:16:07Z">
    <groups>
    </groups>
    <test name="Default test" duration-ms="3185" started-at="2018-03-14T01:16:03Z" finished-at="2018-03-14T01:16:07Z">
      <class name="assignment.Weight.Watchers.testRunner.TestRunner">
        <test-method status="PASS" signature="beforeMethod()[pri:0, instance:assignment.Weight.Watchers.testRunner.TestRunner@1e7c7811]" name="beforeMethod" is-config="true" duration-ms="3150" started-at="2018-03-14T01:16:04Z" finished-at="2018-03-14T01:16:07Z">
          <reporter-output>
          </reporter-output>
        </test-method> <!-- beforeMethod -->
        <test-method status="PASS" signature="test3b()[pri:0, instance:assignment.Weight.Watchers.testRunner.TestRunner@1e7c7811]" name="test3b" duration-ms="12" started-at="2018-03-14T01:16:07Z" finished-at="2018-03-14T01:16:07Z">
          <reporter-output>
          </reporter-output>
        </test-method> <!-- test3b -->
      </class> <!-- assignment.Weight.Watchers.testRunner.TestRunner -->
    </test> <!-- Default test -->
  </suite> <!-- Default suite -->
</testng-results>
