<?xml version="1.0" encoding="UTF-8"?>
<!-- Generated by org.testng.reporters.JUnitXMLReporter -->
<testsuite hostname="DESKTOP-22L06CP" ignored="4" name="Default test" tests="1" failures="0" timestamp="14 Mar 2018 01:16:07 GMT" time="3.185" errors="0">
  <testcase name="test3b" time="0.012" classname="assignment.Weight.Watchers.testRunner.TestRunner"/>
  <testcase name="test1" time="0.0" classname="assignment.Weight.Watchers.testRunner.TestRunner">
    <ignored/>
  </testcase> <!-- test1 -->
  <testcase name="test2b" time="0.0" classname="assignment.Weight.Watchers.testRunner.TestRunner">
    <ignored/>
  </testcase> <!-- test2b -->
  <testcase name="test2a" time="0.0" classname="assignment.Weight.Watchers.testRunner.TestRunner">
    <ignored/>
  </testcase> <!-- test2a -->
  <testcase name="test3a" time="0.0" classname="assignment.Weight.Watchers.testRunner.TestRunner">
    <ignored/>
  </testcase> <!-- test3a -->
</testsuite> <!-- Default test -->
